#
# There is insufficient memory for the Java Runtime Environment to continue.
# Native memory allocation (malloc) failed to allocate 1048576 bytes for AllocateHeap
# Possible reasons:
#   The system is out of physical RAM or swap space
#   The process is running with CompressedOops enabled, and the Java Heap may be blocking the growth of the native heap
# Possible solutions:
#   Reduce memory load on the system
#   Increase physical memory or swap space
#   Check if swap backing store is full
#   Decrease Java heap size (-Xmx/-Xms)
#   Decrease number of Java threads
#   Decrease Java thread stack sizes (-Xss)
#   Set larger code cache with -XX:ReservedCodeCacheSize=
#   JVM is running with Unscaled Compressed Oops mode in which the Java heap is
#     placed in the first 4GB address space. The Java Heap base address is the
#     maximum limit for the native heap growth. Please use -XX:HeapBaseMinAddress
#     to set the Java Heap base and to place the Java Heap above 4GB virtual address.
# This output file may be truncated or incomplete.
#
#  Out of Memory Error (./open/src/hotspot/share/memory/allocation.cpp:44), pid=9516, tid=6016
#
# JRE version: OpenJDK Runtime Environment (15.0.1+9) (build 15.0.1+9-18)
# Java VM: OpenJDK 64-Bit Server VM (15.0.1+9-18, mixed mode, sharing, tiered, compressed oops, g1 gc, windows-amd64)
# No core dump will be written. Minidumps are not enabled by default on client versions of Windows
#

---------------  S U M M A R Y ------------

Command Line: -javaagent:C:\Program Files\JetBrains\IntelliJ IDEA Community Edition 2020.2.2\lib\idea_rt.jar=64802:C:\Program Files\JetBrains\IntelliJ IDEA Community Edition 2020.2.2\bin -Dfile.encoding=UTF-8 com.pilotinho.demo.DemoApplication

Host: Intel(R) Core(TM) i7-7700HQ CPU @ 2.80GHz, 8 cores, 7G,  Windows 10 , 64 bit Build 19041 (10.0.19041.662)
Time: Sat Dec 19 01:42:01 2020 Hora oficial do Brasil elapsed time: 1.039573 seconds (0d 0h 0m 1s)

---------------  T H R E A D  ---------------

Current thread (0x00000224dc469bc0):  VMThread "VM Thread" [stack: 0x00000071bf700000,0x00000071bf800000] [id=6016]

Stack: [0x00000071bf700000,0x00000071bf800000]
[error occurred during error reporting (printing stack bounds), id 0xc0000005, EXCEPTION_ACCESS_VIOLATION (0xc0000005) at pc=0x00000224c5bc10ad]

Native frames: (J=compiled Java code, j=interpreted, Vv=VM code, C=native code)
V  [jvm.dll+0x62ae9a]
V  [jvm.dll+0x781389]
V  [jvm.dll+0x782ae3]
V  [jvm.dll+0x7830a5]
V  [jvm.dll+0x78305b]
V  [jvm.dll+0x62a2b9]
V  [jvm.dll+0x62aa88]
C  [ntdll.dll+0xa130f]
C  [ntdll.dll+0x4b5e4]
C  [ntdll.dll+0x9fe3e]
C  0x00000224c5bc10ad

VM_Operation (0x00000071bf1f9c70): CollectForMetadataAllocation, mode: safepoint, requested by thread 0x00000224bd99be70


---------------  P R O C E S S  ---------------

Threads class SMR info:
_java_thread_list=0x00000224dcf6dbc0, length=12, elements={
0x00000224bd99be70, 0x00000224dc46b350, 0x00000224dc46be30, 0x00000224dc484e20,
0x00000224dc4877f0, 0x00000224dc4881b0, 0x00000224dc489f60, 0x00000224dc4997d0,
0x00000224dc4c20f0, 0x00000224dced62f0, 0x00000224dd139550, 0x00000224dd0e4590
}

Java Threads: ( => current thread )
  0x00000224bd99be70 JavaThread "main" [_thread_blocked, id=10964, stack(0x00000071bf100000,0x00000071bf200000)]
  0x00000224dc46b350 JavaThread "Reference Handler" daemon [_thread_blocked, id=9924, stack(0x00000071bf800000,0x00000071bf900000)]
  0x00000224dc46be30 JavaThread "Finalizer" daemon [_thread_blocked, id=10196, stack(0x00000071bf900000,0x00000071bfa00000)]
  0x00000224dc484e20 JavaThread "Signal Dispatcher" daemon [_thread_blocked, id=14284, stack(0x00000071bfa00000,0x00000071bfb00000)]
  0x00000224dc4877f0 JavaThread "Attach Listener" daemon [_thread_blocked, id=6816, stack(0x00000071bfb00000,0x00000071bfc00000)]
  0x00000224dc4881b0 JavaThread "Service Thread" daemon [_thread_blocked, id=10100, stack(0x00000071bfc00000,0x00000071bfd00000)]
  0x00000224dc489f60 JavaThread "C2 CompilerThread0" daemon [_thread_blocked, id=11268, stack(0x00000071bfd00000,0x00000071bfe00000)]
  0x00000224dc4997d0 JavaThread "C1 CompilerThread0" daemon [_thread_blocked, id=5656, stack(0x00000071bfe00000,0x00000071bff00000)]
  0x00000224dc4c20f0 JavaThread "Sweeper thread" daemon [_thread_blocked, id=1860, stack(0x00000071bff00000,0x00000071c0000000)]
  0x00000224dced62f0 JavaThread "Common-Cleaner" daemon [_thread_blocked, id=1460, stack(0x00000071c0000000,0x00000071c0100000)]
  0x00000224dd139550 JavaThread "Monitor Ctrl-Break" daemon [_thread_in_native, id=12088, stack(0x00000071c0100000,0x00000071c0200000)]
  0x00000224dd0e4590 JavaThread "Notification Thread" daemon [_thread_blocked, id=7140, stack(0x00000071c0200000,0x00000071c0300000)]

Other Threads:
=>0x00000224dc469bc0 VMThread "VM Thread" [stack: 0x00000071bf700000,0x00000071bf800000] [id=6016]
  0x00000224dd11f890 WatcherThread [stack: 0x00000071c0300000,0x00000071c0400000] [id=6140]
  0x00000224bd9ddc40 GCTaskThread "GC Thread#0" [stack: 0x00000071bf200000,0x00000071bf300000] [id=13992]
  0x00000224dd3349d0 GCTaskThread "GC Thread#1" [stack: 0x00000071c0400000,0x00000071c0500000] [id=1812]
  0x00000224dd337010 GCTaskThread "GC Thread#2" [stack: 0x00000071c0500000,0x00000071c0600000] [id=12784]
  0x00000224bd9eea20 ConcurrentGCThread "G1 Main Marker" [stack: 0x00000071bf300000,0x00000071bf400000] [id=9868]
  0x00000224bd9efcc0 ConcurrentGCThread "G1 Conc#0" [stack: 0x00000071bf400000,0x00000071bf500000] [id=13952]
  0x00000224dd336350 ConcurrentGCThread "G1 Conc#1" [stack: 0x00000071c0600000,0x00000071c0700000] [id=1988]
  0x00000224dc2e0090 ConcurrentGCThread "G1 Refine#0" [stack: 0x00000071bf500000,0x00000071bf600000] [id=1124]
  0x00000224dc2e0ba0 ConcurrentGCThread "G1 Young RemSet Sampling" [stack: 0x00000071bf600000,0x00000071bf700000] [id=10860]

Threads with active compile tasks:
C2 CompilerThread0     1239  487       4       java.lang.StringLatin1::indexOf (121 bytes)

VM state: at safepoint (normal execution)

VM Mutex/Monitor currently owned by a thread:  ([mutex/lock_event])
[0x00000224bd997f50] Threads_lock - owner thread: 0x00000224dc469bc0
[0x00000224bd9979b0] Heap_lock - owner thread: 0x00000224bd99be70

Heap address: 0x0000000081400000, size: 2028 MB, Compressed Oops mode: 32-bit
CDS archive(s) mapped at: [0x0000000800000000-0x0000000800b50000-0x0000000800b50000), size 11862016, SharedBaseAddress: 0x0000000800000000, ArchiveRelocationMode: 0.
Compressed class space mapped at: 0x0000000800b50000-0x0000000840b50000, size: 1073741824
Narrow klass base: 0x0000000800000000, Narrow klass shift: 3, Narrow klass range: 0x100000000

GC Precious Log:
 CPUs: 8 total, 8 available
 Memory: 8105M
 Large Page Support: Disabled
 NUMA Support: Disabled
 Compressed Oops: Enabled (32-bit)
 Heap Region Size: 1M
 Heap Min Capacity: 8M
 Heap Initial Capacity: 128M
 Heap Max Capacity: 2028M
 Pre-touch: Disabled
 Parallel Workers: 8
 Concurrent Workers: 2
 Concurrent Refinement Workers: 8
 Periodic GC: Disabled

Heap:
 garbage-first heap   total 131072K, used 5038K [0x0000000081400000, 0x0000000100000000)
  region size 1024K, 3 young (3072K), 3 survivors (3072K)
 Metaspace       used 2109K, capacity 5031K, committed 5120K, reserved 1064960K
  class space    used 186K, capacity 461K, committed 512K, reserved 1048576K

Heap Regions: E=young(eden), S=young(survivor), O=old, HS=humongous(starts), HC=humongous(continues), CS=collection set, F=free, OA=open archive, CA=closed archive, TAMS=top-at-mark-start (previous, next)
|   0|0x0000000081400000, 0x0000000081500000, 0x0000000081500000|100%|HS|  |TAMS 0x0000000081400000, 0x0000000081500000| Complete 
|   1|0x0000000081500000, 0x00000000815eb800, 0x0000000081600000| 91%| O|  |TAMS 0x0000000081500000, 0x0000000081500000| Untracked 
|   2|0x0000000081600000, 0x0000000081600000, 0x0000000081700000|  0%| F|  |TAMS 0x0000000081600000, 0x0000000081600000| Untracked 
|   3|0x0000000081700000, 0x0000000081700000, 0x0000000081800000|  0%| F|  |TAMS 0x0000000081700000, 0x0000000081700000| Untracked 
|   4|0x0000000081800000, 0x0000000081800000, 0x0000000081900000|  0%| F|  |TAMS 0x0000000081800000, 0x0000000081800000| Untracked 
|   5|0x0000000081900000, 0x0000000081900000, 0x0000000081a00000|  0%| F|  |TAMS 0x0000000081900000, 0x0000000081900000| Untracked 
|   6|0x0000000081a00000, 0x0000000081a00000, 0x0000000081b00000|  0%| F|  |TAMS 0x0000000081a00000, 0x0000000081a00000| Untracked 
|   7|0x0000000081b00000, 0x0000000081b00000, 0x0000000081c00000|  0%| F|  |TAMS 0x0000000081b00000, 0x0000000081b00000| Untracked 
|   8|0x0000000081c00000, 0x0000000081c00000, 0x0000000081d00000|  0%| F|  |TAMS 0x0000000081c00000, 0x0000000081c00000| Untracked 
|   9|0x0000000081d00000, 0x0000000081d00000, 0x0000000081e00000|  0%| F|  |TAMS 0x0000000081d00000, 0x0000000081d00000| Untracked 
|  10|0x0000000081e00000, 0x0000000081e00000, 0x0000000081f00000|  0%| F|  |TAMS 0x0000000081e00000, 0x0000000081e00000| Untracked 
|  11|0x0000000081f00000, 0x0000000081f00000, 0x0000000082000000|  0%| F|  |TAMS 0x0000000081f00000, 0x0000000081f00000| Untracked 
|  12|0x0000000082000000, 0x0000000082000000, 0x0000000082100000|  0%| F|  |TAMS 0x0000000082000000, 0x0000000082000000| Untracked 
|  13|0x0000000082100000, 0x0000000082100000, 0x0000000082200000|  0%| F|  |TAMS 0x0000000082100000, 0x0000000082100000| Untracked 
|  14|0x0000000082200000, 0x0000000082200000, 0x0000000082300000|  0%| F|  |TAMS 0x0000000082200000, 0x0000000082200000| Untracked 
|  15|0x0000000082300000, 0x0000000082300000, 0x0000000082400000|  0%| F|  |TAMS 0x0000000082300000, 0x0000000082300000| Untracked 
|  16|0x0000000082400000, 0x0000000082400000, 0x0000000082500000|  0%| F|  |TAMS 0x0000000082400000, 0x0000000082400000| Untracked 
|  17|0x0000000082500000, 0x0000000082500000, 0x0000000082600000|  0%| F|  |TAMS 0x0000000082500000, 0x0000000082500000| Untracked 
|  18|0x0000000082600000, 0x0000000082600000, 0x0000000082700000|  0%| F|  |TAMS 0x0000000082600000, 0x0000000082600000| Untracked 
|  19|0x0000000082700000, 0x0000000082700000, 0x0000000082800000|  0%| F|  |TAMS 0x0000000082700000, 0x0000000082700000| Untracked 
|  20|0x0000000082800000, 0x0000000082800000, 0x0000000082900000|  0%| F|  |TAMS 0x0000000082800000, 0x0000000082800000| Untracked 
|  21|0x0000000082900000, 0x0000000082900000, 0x0000000082a00000|  0%| F|  |TAMS 0x0000000082900000, 0x0000000082900000| Untracked 
|  22|0x0000000082a00000, 0x0000000082a00000, 0x0000000082b00000|  0%| F|  |TAMS 0x0000000082a00000, 0x0000000082a00000| Untracked 
|  23|0x0000000082b00000, 0x0000000082b00000, 0x0000000082c00000|  0%| F|  |TAMS 0x0000000082b00000, 0x0000000082b00000| Untracked 
|  24|0x0000000082c00000, 0x0000000082c00000, 0x0000000082d00000|  0%| F|  |TAMS 0x0000000082c00000, 0x0000000082c00000| Untracked 
|  25|0x0000000082d00000, 0x0000000082d00000, 0x0000000082e00000|  0%| F|  |TAMS 0x0000000082d00000, 0x0000000082d00000| Untracked 
|  26|0x0000000082e00000, 0x0000000082e00000, 0x0000000082f00000|  0%| F|  |TAMS 0x0000000082e00000, 0x0000000082e00000| Untracked 
|  27|0x0000000082f00000, 0x0000000082f00000, 0x0000000083000000|  0%| F|  |TAMS 0x0000000082f00000, 0x0000000082f00000| Untracked 
|  28|0x0000000083000000, 0x0000000083000000, 0x0000000083100000|  0%| F|  |TAMS 0x0000000083000000, 0x0000000083000000| Untracked 
|  29|0x0000000083100000, 0x0000000083100000, 0x0000000083200000|  0%| F|  |TAMS 0x0000000083100000, 0x0000000083100000| Untracked 
|  30|0x0000000083200000, 0x0000000083200000, 0x0000000083300000|  0%| F|  |TAMS 0x0000000083200000, 0x0000000083200000| Untracked 
|  31|0x0000000083300000, 0x0000000083300000, 0x0000000083400000|  0%| F|  |TAMS 0x0000000083300000, 0x0000000083300000| Untracked 
|  32|0x0000000083400000, 0x0000000083400000, 0x0000000083500000|  0%| F|  |TAMS 0x0000000083400000, 0x0000000083400000| Untracked 
|  33|0x0000000083500000, 0x0000000083500000, 0x0000000083600000|  0%| F|  |TAMS 0x0000000083500000, 0x0000000083500000| Untracked 
|  34|0x0000000083600000, 0x0000000083600000, 0x0000000083700000|  0%| F|  |TAMS 0x0000000083600000, 0x0000000083600000| Untracked 
|  35|0x0000000083700000, 0x0000000083700000, 0x0000000083800000|  0%| F|  |TAMS 0x0000000083700000, 0x0000000083700000| Untracked 
|  36|0x0000000083800000, 0x0000000083800000, 0x0000000083900000|  0%| F|  |TAMS 0x0000000083800000, 0x0000000083800000| Untracked 
|  37|0x0000000083900000, 0x0000000083900000, 0x0000000083a00000|  0%| F|  |TAMS 0x0000000083900000, 0x0000000083900000| Untracked 
|  38|0x0000000083a00000, 0x0000000083a00000, 0x0000000083b00000|  0%| F|  |TAMS 0x0000000083a00000, 0x0000000083a00000| Untracked 
|  39|0x0000000083b00000, 0x0000000083b00000, 0x0000000083c00000|  0%| F|  |TAMS 0x0000000083b00000, 0x0000000083b00000| Untracked 
|  40|0x0000000083c00000, 0x0000000083c00000, 0x0000000083d00000|  0%| F|  |TAMS 0x0000000083c00000, 0x0000000083c00000| Untracked 
|  41|0x0000000083d00000, 0x0000000083d00000, 0x0000000083e00000|  0%| F|  |TAMS 0x0000000083d00000, 0x0000000083d00000| Untracked 
|  42|0x0000000083e00000, 0x0000000083e00000, 0x0000000083f00000|  0%| F|  |TAMS 0x0000000083e00000, 0x0000000083e00000| Untracked 
|  43|0x0000000083f00000, 0x0000000083f00000, 0x0000000084000000|  0%| F|  |TAMS 0x0000000083f00000, 0x0000000083f00000| Untracked 
|  44|0x0000000084000000, 0x0000000084000000, 0x0000000084100000|  0%| F|  |TAMS 0x0000000084000000, 0x0000000084000000| Untracked 
|  45|0x0000000084100000, 0x0000000084100000, 0x0000000084200000|  0%| F|  |TAMS 0x0000000084100000, 0x0000000084100000| Untracked 
|  46|0x0000000084200000, 0x0000000084200000, 0x0000000084300000|  0%| F|  |TAMS 0x0000000084200000, 0x0000000084200000| Untracked 
|  47|0x0000000084300000, 0x0000000084300000, 0x0000000084400000|  0%| F|  |TAMS 0x0000000084300000, 0x0000000084300000| Untracked 
|  48|0x0000000084400000, 0x0000000084400000, 0x0000000084500000|  0%| F|  |TAMS 0x0000000084400000, 0x0000000084400000| Untracked 
|  49|0x0000000084500000, 0x0000000084500000, 0x0000000084600000|  0%| F|  |TAMS 0x0000000084500000, 0x0000000084500000| Untracked 
|  50|0x0000000084600000, 0x0000000084600000, 0x0000000084700000|  0%| F|  |TAMS 0x0000000084600000, 0x0000000084600000| Untracked 
|  51|0x0000000084700000, 0x0000000084700000, 0x0000000084800000|  0%| F|  |TAMS 0x0000000084700000, 0x0000000084700000| Untracked 
|  52|0x0000000084800000, 0x0000000084800000, 0x0000000084900000|  0%| F|  |TAMS 0x0000000084800000, 0x0000000084800000| Untracked 
|  53|0x0000000084900000, 0x0000000084900000, 0x0000000084a00000|  0%| F|  |TAMS 0x0000000084900000, 0x0000000084900000| Untracked 
|  54|0x0000000084a00000, 0x0000000084a00000, 0x0000000084b00000|  0%| F|  |TAMS 0x0000000084a00000, 0x0000000084a00000| Untracked 
|  55|0x0000000084b00000, 0x0000000084b00000, 0x0000000084c00000|  0%| F|  |TAMS 0x0000000084b00000, 0x0000000084b00000| Untracked 
|  56|0x0000000084c00000, 0x0000000084c00000, 0x0000000084d00000|  0%| F|  |TAMS 0x0000000084c00000, 0x0000000084c00000| Untracked 
|  57|0x0000000084d00000, 0x0000000084d00000, 0x0000000084e00000|  0%| F|  |TAMS 0x0000000084d00000, 0x0000000084d00000| Untracked 
|  58|0x0000000084e00000, 0x0000000084e00000, 0x0000000084f00000|  0%| F|  |TAMS 0x0000000084e00000, 0x0000000084e00000| Untracked 
|  59|0x0000000084f00000, 0x0000000084f00000, 0x0000000085000000|  0%| F|  |TAMS 0x0000000084f00000, 0x0000000084f00000| Untracked 
|  60|0x0000000085000000, 0x0000000085000000, 0x0000000085100000|  0%| F|  |TAMS 0x0000000085000000, 0x0000000085000000| Untracked 
|  61|0x0000000085100000, 0x0000000085100000, 0x0000000085200000|  0%| F|  |TAMS 0x0000000085100000, 0x0000000085100000| Untracked 
|  62|0x0000000085200000, 0x0000000085200000, 0x0000000085300000|  0%| F|  |TAMS 0x0000000085200000, 0x0000000085200000| Untracked 
|  63|0x0000000085300000, 0x0000000085300000, 0x0000000085400000|  0%| F|  |TAMS 0x0000000085300000, 0x0000000085300000| Untracked 
|  64|0x0000000085400000, 0x0000000085400000, 0x0000000085500000|  0%| F|  |TAMS 0x0000000085400000, 0x0000000085400000| Untracked 
|  65|0x0000000085500000, 0x0000000085500000, 0x0000000085600000|  0%| F|  |TAMS 0x0000000085500000, 0x0000000085500000| Untracked 
|  66|0x0000000085600000, 0x0000000085600000, 0x0000000085700000|  0%| F|  |TAMS 0x0000000085600000, 0x0000000085600000| Untracked 
|  67|0x0000000085700000, 0x0000000085700000, 0x0000000085800000|  0%| F|  |TAMS 0x0000000085700000, 0x0000000085700000| Untracked 
|  68|0x0000000085800000, 0x0000000085800000, 0x0000000085900000|  0%| F|  |TAMS 0x0000000085800000, 0x0000000085800000| Untracked 
|  69|0x0000000085900000, 0x0000000085900000, 0x0000000085a00000|  0%| F|  |TAMS 0x0000000085900000, 0x0000000085900000| Untracked 
|  70|0x0000000085a00000, 0x0000000085a00000, 0x0000000085b00000|  0%| F|  |TAMS 0x0000000085a00000, 0x0000000085a00000| Untracked 
|  71|0x0000000085b00000, 0x0000000085b00000, 0x0000000085c00000|  0%| F|  |TAMS 0x0000000085b00000, 0x0000000085b00000| Untracked 
|  72|0x0000000085c00000, 0x0000000085c00000, 0x0000000085d00000|  0%| F|  |TAMS 0x0000000085c00000, 0x0000000085c00000| Untracked 
|  73|0x0000000085d00000, 0x0000000085d00000, 0x0000000085e00000|  0%| F|  |TAMS 0x0000000085d00000, 0x0000000085d00000| Untracked 
|  74|0x0000000085e00000, 0x0000000085e00000, 0x0000000085f00000|  0%| F|  |TAMS 0x0000000085e00000, 0x0000000085e00000| Untracked 
|  75|0x0000000085f00000, 0x0000000085f00000, 0x0000000086000000|  0%| F|  |TAMS 0x0000000085f00000, 0x0000000085f00000| Untracked 
|  76|0x0000000086000000, 0x0000000086000000, 0x0000000086100000|  0%| F|  |TAMS 0x0000000086000000, 0x0000000086000000| Untracked 
|  77|0x0000000086100000, 0x0000000086100000, 0x0000000086200000|  0%| F|  |TAMS 0x0000000086100000, 0x0000000086100000| Untracked 
|  78|0x0000000086200000, 0x0000000086200000, 0x0000000086300000|  0%| F|  |TAMS 0x0000000086200000, 0x0000000086200000| Untracked 
|  79|0x0000000086300000, 0x0000000086300000, 0x0000000086400000|  0%| F|  |TAMS 0x0000000086300000, 0x0000000086300000| Untracked 
|  80|0x0000000086400000, 0x0000000086400000, 0x0000000086500000|  0%| F|  |TAMS 0x0000000086400000, 0x0000000086400000| Untracked 
|  81|0x0000000086500000, 0x0000000086500000, 0x0000000086600000|  0%| F|  |TAMS 0x0000000086500000, 0x0000000086500000| Untracked 
|  82|0x0000000086600000, 0x0000000086600000, 0x0000000086700000|  0%| F|  |TAMS 0x0000000086600000, 0x0000000086600000| Untracked 
|  83|0x0000000086700000, 0x0000000086700000, 0x0000000086800000|  0%| F|  |TAMS 0x0000000086700000, 0x0000000086700000| Untracked 
|  84|0x0000000086800000, 0x0000000086800000, 0x0000000086900000|  0%| F|  |TAMS 0x0000000086800000, 0x0000000086800000| Untracked 
|  85|0x0000000086900000, 0x0000000086900000, 0x0000000086a00000|  0%| F|  |TAMS 0x0000000086900000, 0x0000000086900000| Untracked 
|  86|0x0000000086a00000, 0x0000000086a00000, 0x0000000086b00000|  0%| F|  |TAMS 0x0000000086a00000, 0x0000000086a00000| Untracked 
|  87|0x0000000086b00000, 0x0000000086b00000, 0x0000000086c00000|  0%| F|  |TAMS 0x0000000086b00000, 0x0000000086b00000| Untracked 
|  88|0x0000000086c00000, 0x0000000086c00000, 0x0000000086d00000|  0%| F|  |TAMS 0x0000000086c00000, 0x0000000086c00000| Untracked 
|  89|0x0000000086d00000, 0x0000000086d00000, 0x0000000086e00000|  0%| F|  |TAMS 0x0000000086d00000, 0x0000000086d00000| Untracked 
|  90|0x0000000086e00000, 0x0000000086e00000, 0x0000000086f00000|  0%| F|  |TAMS 0x0000000086e00000, 0x0000000086e00000| Untracked 
|  91|0x0000000086f00000, 0x0000000086f00000, 0x0000000087000000|  0%| F|  |TAMS 0x0000000086f00000, 0x0000000086f00000| Untracked 
|  92|0x0000000087000000, 0x0000000087000000, 0x0000000087100000|  0%| F|  |TAMS 0x0000000087000000, 0x0000000087000000| Untracked 
|  93|0x0000000087100000, 0x0000000087100000, 0x0000000087200000|  0%| F|  |TAMS 0x0000000087100000, 0x0000000087100000| Untracked 
|  94|0x0000000087200000, 0x0000000087200000, 0x0000000087300000|  0%| F|  |TAMS 0x0000000087200000, 0x0000000087200000| Untracked 
|  95|0x0000000087300000, 0x0000000087300000, 0x0000000087400000|  0%| F|  |TAMS 0x0000000087300000, 0x0000000087300000| Untracked 
|  96|0x0000000087400000, 0x0000000087400000, 0x0000000087500000|  0%| F|  |TAMS 0x0000000087400000, 0x0000000087400000| Untracked 
|  97|0x0000000087500000, 0x0000000087500000, 0x0000000087600000|  0%| F|  |TAMS 0x0000000087500000, 0x0000000087500000| Untracked 
|  98|0x0000000087600000, 0x0000000087600000, 0x0000000087700000|  0%| F|  |TAMS 0x0000000087600000, 0x0000000087600000| Untracked 
|  99|0x0000000087700000, 0x0000000087700000, 0x0000000087800000|  0%| F|  |TAMS 0x0000000087700000, 0x0000000087700000| Untracked 
| 100|0x0000000087800000, 0x0000000087800000, 0x0000000087900000|  0%| F|  |TAMS 0x0000000087800000, 0x0000000087800000| Untracked 
| 101|0x0000000087900000, 0x0000000087900000, 0x0000000087a00000|  0%| F|  |TAMS 0x0000000087900000, 0x0000000087900000| Untracked 
| 102|0x0000000087a00000, 0x0000000087a00000, 0x0000000087b00000|  0%| F|  |TAMS 0x0000000087a00000, 0x0000000087a00000| Untracked 
| 103|0x0000000087b00000, 0x0000000087b00000, 0x0000000087c00000|  0%| F|  |TAMS 0x0000000087b00000, 0x0000000087b00000| Untracked 
| 104|0x0000000087c00000, 0x0000000087c00000, 0x0000000087d00000|  0%| F|  |TAMS 0x0000000087c00000, 0x0000000087c00000| Untracked 
| 105|0x0000000087d00000, 0x0000000087d00000, 0x0000000087e00000|  0%| F|  |TAMS 0x0000000087d00000, 0x0000000087d00000| Untracked 
| 106|0x0000000087e00000, 0x0000000087e00000, 0x0000000087f00000|  0%| F|  |TAMS 0x0000000087e00000, 0x0000000087e00000| Untracked 
| 107|0x0000000087f00000, 0x0000000087f00000, 0x0000000088000000|  0%| F|  |TAMS 0x0000000087f00000, 0x0000000087f00000| Untracked 
| 108|0x0000000088000000, 0x0000000088000000, 0x0000000088100000|  0%| F|  |TAMS 0x0000000088000000, 0x0000000088000000| Untracked 
| 109|0x0000000088100000, 0x0000000088100000, 0x0000000088200000|  0%| F|  |TAMS 0x0000000088100000, 0x0000000088100000| Untracked 
| 110|0x0000000088200000, 0x0000000088200000, 0x0000000088300000|  0%| F|  |TAMS 0x0000000088200000, 0x0000000088200000| Untracked 
| 111|0x0000000088300000, 0x0000000088300000, 0x0000000088400000|  0%| F|  |TAMS 0x0000000088300000, 0x0000000088300000| Untracked 
| 112|0x0000000088400000, 0x0000000088400000, 0x0000000088500000|  0%| F|  |TAMS 0x0000000088400000, 0x0000000088400000| Untracked 
| 113|0x0000000088500000, 0x0000000088500000, 0x0000000088600000|  0%| F|  |TAMS 0x0000000088500000, 0x0000000088500000| Untracked 
| 114|0x0000000088600000, 0x0000000088600000, 0x0000000088700000|  0%| F|  |TAMS 0x0000000088600000, 0x0000000088600000| Untracked 
| 115|0x0000000088700000, 0x0000000088700000, 0x0000000088800000|  0%| F|  |TAMS 0x0000000088700000, 0x0000000088700000| Untracked 
| 116|0x0000000088800000, 0x0000000088900000, 0x0000000088900000|100%| S|CS|TAMS 0x0000000088800000, 0x0000000088800000| Complete 
| 117|0x0000000088900000, 0x0000000088a00000, 0x0000000088a00000|100%| S|CS|TAMS 0x0000000088900000, 0x0000000088900000| Complete 
| 118|0x0000000088a00000, 0x0000000088b00000, 0x0000000088b00000|100%| S|CS|TAMS 0x0000000088a00000, 0x0000000088a00000| Complete 
| 119|0x0000000088b00000, 0x0000000088b00000, 0x0000000088c00000|  0%| F|  |TAMS 0x0000000088b00000, 0x0000000088b00000| Untracked 
| 120|0x0000000088c00000, 0x0000000088c00000, 0x0000000088d00000|  0%| F|  |TAMS 0x0000000088c00000, 0x0000000088c00000| Untracked 
| 121|0x0000000088d00000, 0x0000000088d00000, 0x0000000088e00000|  0%| F|  |TAMS 0x0000000088d00000, 0x0000000088d00000| Untracked 
| 122|0x0000000088e00000, 0x0000000088e00000, 0x0000000088f00000|  0%| F|  |TAMS 0x0000000088e00000, 0x0000000088e00000| Untracked 
| 123|0x0000000088f00000, 0x0000000088f00000, 0x0000000089000000|  0%| F|  |TAMS 0x0000000088f00000, 0x0000000088f00000| Untracked 
| 124|0x0000000089000000, 0x0000000089000000, 0x0000000089100000|  0%| F|  |TAMS 0x0000000089000000, 0x0000000089000000| Untracked 
| 125|0x0000000089100000, 0x0000000089100000, 0x0000000089200000|  0%| F|  |TAMS 0x0000000089100000, 0x0000000089100000| Untracked 
| 126|0x0000000089200000, 0x0000000089200000, 0x0000000089300000|  0%| F|  |TAMS 0x0000000089200000, 0x0000000089200000| Untracked 
| 127|0x0000000089300000, 0x0000000089300000, 0x0000000089400000|  0%| F|  |TAMS 0x0000000089300000, 0x0000000089300000| Untracked 

Card table byte_map: [0x00000224d52f0000,0x00000224d56f0000] _byte_map_base: 0x00000224d4ee6000

Marking Bits (Prev, Next): (CMBitMap*) 0x00000224bd9de340, (CMBitMap*) 0x00000224bd9de380
 Prev Bits: [0x00000224d5af0000, 0x00000224d7aa0000)
 Next Bits: [0x00000224d7aa0000, 0x00000224d9a50000)

Polling page: 0x00000224bb9a0000

Metaspace:

Usage:
  Non-class:      4.46 MB capacity,     1.88 MB ( 42%) used,     2.58 MB ( 58%) free+waste,     1.38 KB ( <1%) overhead. 
      Class:    461.00 KB capacity,   186.97 KB ( 41%) used,   273.28 KB ( 59%) free+waste,   768 bytes ( <1%) overhead. 
       Both:      4.91 MB capacity,     2.06 MB ( 42%) used,     2.85 MB ( 58%) free+waste,     2.12 KB ( <1%) overhead. 

Virtual space:
  Non-class space:       16.00 MB reserved,       4.50 MB ( 28%) committed 
      Class space:        1.00 GB reserved,     512.00 KB ( <1%) committed 
             Both:        1.02 GB reserved,       5.00 MB ( <1%) committed 

Chunk freelists:
   Non-Class:  38.00 KB
       Class:  19.00 KB
        Both:  57.00 KB

MaxMetaspaceSize: 17179869184.00 GB
CompressedClassSpaceSize: 1.00 GB

CodeHeap 'non-profiled nmethods': size=120000Kb used=143Kb max_used=143Kb free=119856Kb
 bounds [0x00000224cd690000, 0x00000224cd900000, 0x00000224d4bc0000]
CodeHeap 'profiled nmethods': size=120000Kb used=682Kb max_used=682Kb free=119317Kb
 bounds [0x00000224c6160000, 0x00000224c63d0000, 0x00000224cd690000]
CodeHeap 'non-nmethods': size=5760Kb used=1136Kb max_used=1152Kb free=4623Kb
 bounds [0x00000224c5bc0000, 0x00000224c5e30000, 0x00000224c6160000]
 total_blobs=876 nmethods=490 adapters=299
 compilation: enabled
              stopped_count=0, restarted_count=0
 full_count=0

Compilation events (20 events):
Event: 0.967 Thread 0x00000224dc4997d0 nmethod 479 0x00000224c6205e90 code [0x00000224c6206140, 0x00000224c6206c38]
Event: 0.967 Thread 0x00000224dc4997d0  480       3       java.util.concurrent.ConcurrentHashMap$BaseIterator::hasNext (13 bytes)
Event: 0.967 Thread 0x00000224dc4997d0 nmethod 480 0x00000224c6207010 code [0x00000224c62071a0, 0x00000224c62072f8]
Event: 0.967 Thread 0x00000224dc4997d0  482       3       java.nio.MappedByteBuffer::limit (6 bytes)
Event: 0.967 Thread 0x00000224dc4997d0 nmethod 482 0x00000224c6207390 code [0x00000224c6207540, 0x00000224c6207748]
Event: 0.967 Thread 0x00000224dc4997d0  483       3       java.nio.MappedByteBuffer::position (6 bytes)
Event: 0.967 Thread 0x00000224dc4997d0 nmethod 483 0x00000224c6207890 code [0x00000224c6207a40, 0x00000224c6207c48]
Event: 0.967 Thread 0x00000224dc4997d0  484       3       java.lang.StringConcatHelper::initialCoder (14 bytes)
Event: 0.967 Thread 0x00000224dc4997d0 nmethod 484 0x00000224c6207d90 code [0x00000224c6207f20, 0x00000224c6208038]
Event: 0.967 Thread 0x00000224dc4997d0  485       3       jdk.internal.misc.VM::initLevel (4 bytes)
Event: 0.967 Thread 0x00000224dc489f60  487       4       java.lang.StringLatin1::indexOf (121 bytes)
Event: 0.967 Thread 0x00000224dc4997d0 nmethod 485 0x00000224c6208090 code [0x00000224c6208220, 0x00000224c6208318]
Event: 0.967 Thread 0x00000224dc4997d0  486       3       java.lang.String::concat (15 bytes)
Event: 0.968 Thread 0x00000224dc4997d0 nmethod 486 0x00000224c6208390 code [0x00000224c6208660, 0x00000224c6209578]
Event: 0.969 Thread 0x00000224dc4997d0  489       3       jdk.internal.access.SharedSecrets::javaUtilJarAccess (15 bytes)
Event: 0.969 Thread 0x00000224dc4997d0 nmethod 489 0x00000224c6209b90 code [0x00000224c6209d80, 0x00000224c620a128]
Event: 0.970 Thread 0x00000224dc4997d0  490       1       java.lang.NamedPackage::module (5 bytes)
Event: 0.970 Thread 0x00000224dc4997d0 nmethod 490 0x00000224cd6b3c10 code [0x00000224cd6b3da0, 0x00000224cd6b3e58]
Event: 0.970 Thread 0x00000224dc4997d0  492       3       java.util.zip.ZipUtils::LOCSIG (6 bytes)
Event: 0.970 Thread 0x00000224dc4997d0 nmethod 492 0x00000224c620a310 code [0x00000224c620a4c0, 0x00000224c620a778]

GC Heap History (2 events):
Event: 0.971 GC heap before
{Heap before GC invocations=0 (full 0):
 garbage-first heap   total 131072K, used 9216K [0x0000000081400000, 0x0000000100000000)
  region size 1024K, 9 young (9216K), 0 survivors (0K)
 Metaspace       used 2109K, capacity 5031K, committed 5120K, reserved 1062912K
  class space    used 186K, capacity 461K, committed 512K, reserved 1048576K
}
Event: 0.975 GC heap after
{Heap after GC invocations=1 (full 0):
 garbage-first heap   total 131072K, used 5038K [0x0000000081400000, 0x0000000100000000)
  region size 1024K, 3 young (3072K), 3 survivors (3072K)
 Metaspace       used 2109K, capacity 5031K, committed 5120K, reserved 1062912K
  class space    used 186K, capacity 461K, committed 512K, reserved 1048576K
}

Deoptimization events (12 events):
Event: 0.342 Thread 0x00000224bd99be70 Uncommon trap: trap_request=0xffffff45 fr.pc=0x00000224cd69b3d8 relative=0x0000000000000058
Event: 0.342 Thread 0x00000224bd99be70 Uncommon trap: reason=unstable_if action=reinterpret pc=0x00000224cd69b3d8 method=java.lang.String.isLatin1()Z @ 10 c2
Event: 0.342 Thread 0x00000224bd99be70 DEOPT PACKING pc=0x00000224cd69b3d8 sp=0x00000071bf1fc590
Event: 0.342 Thread 0x00000224bd99be70 DEOPT UNPACKING pc=0x00000224c5c0e42f sp=0x00000071bf1fc520 mode 2
Event: 0.651 Thread 0x00000224bd99be70 Uncommon trap: trap_request=0xffffff45 fr.pc=0x00000224cd691418 relative=0x0000000000000078
Event: 0.651 Thread 0x00000224bd99be70 Uncommon trap: reason=unstable_if action=reinterpret pc=0x00000224cd691418 method=java.lang.String.isLatin1()Z @ 10 c2
Event: 0.651 Thread 0x00000224bd99be70 DEOPT PACKING pc=0x00000224cd691418 sp=0x00000071bf1feae0
Event: 0.651 Thread 0x00000224bd99be70 DEOPT UNPACKING pc=0x00000224c5c0e42f sp=0x00000071bf1fea20 mode 2
Event: 0.895 Thread 0x00000224bd99be70 Uncommon trap: trap_request=0xffffff45 fr.pc=0x00000224cd6b04e4 relative=0x0000000000000244
Event: 0.895 Thread 0x00000224bd99be70 Uncommon trap: reason=unstable_if action=reinterpret pc=0x00000224cd6b04e4 method=java.io.BufferedReader.read()I @ 19 c2
Event: 0.895 Thread 0x00000224bd99be70 DEOPT PACKING pc=0x00000224cd6b04e4 sp=0x00000071bf1fc080
Event: 0.895 Thread 0x00000224bd99be70 DEOPT UNPACKING pc=0x00000224c5c0e42f sp=0x00000071bf1fbfc0 mode 2

Classes unloaded (0 events):
No events

Classes redefined (0 events):
No events

Internal exceptions (6 events):
Event: 0.656 Thread 0x00000224dd139550 Exception <a 'java/lang/NoSuchMethodError'{0x0000000088ea9e18}: 'java.lang.Object java.lang.invoke.DirectMethodHandle$Holder.invokeStatic(java.lang.Object)'> (0x0000000088ea9e18) 
thrown [./open/src/hotspot/share/interpreter/linkResolver.cpp, line 782]
Event: 0.656 Thread 0x00000224dd139550 Exception <a 'java/lang/NoSuchMethodError'{0x0000000088ead728}: 'java.lang.Object java.lang.invoke.DirectMethodHandle$Holder.invokeStaticInit(java.lang.Object)'> (0x0000000088ead728) 
thrown [./open/src/hotspot/share/interpreter/linkResolver.cpp, line 782]
Event: 0.748 Thread 0x00000224dd139550 Exception <a 'java/lang/NoSuchMethodError'{0x0000000088ebabd8}: 'void java.lang.invoke.DirectMethodHandle$Holder.invokeStatic(java.lang.Object, java.lang.Object)'> (0x0000000088ebabd8) 
thrown [./open/src/hotspot/share/interpreter/linkResolver.cpp, line 782]
Event: 0.902 Thread 0x00000224bd99be70 Exception <a 'java/lang/ClassNotFoundException'{0x0000000088cad700}: javax/smartcardio/CardPermission> (0x0000000088cad700) 
thrown [./open/src/hotspot/share/classfile/systemDictionary.cpp, line 295]
Event: 0.945 Thread 0x00000224bd99be70 Exception <a 'java/io/FileNotFoundException'{0x0000000088cbb750}> (0x0000000088cbb750) 
thrown [./open/src/hotspot/share/prims/jni.cpp, line 578]
Event: 0.962 Thread 0x00000224bd99be70 Exception <a 'java/lang/NoSuchMethodError'{0x0000000088cda430}: 'void java.lang.invoke.DirectMethodHandle$Holder.invokeSpecial(java.lang.Object, java.lang.Object, java.lang.Object)'> (0x0000000088cda430) 
thrown [./open/src/hotspot/share/interpreter/linkResolver.cpp, line 782]

Events (20 events):
Event: 0.949 loading class java/net/SocketPermissionCollection$1 done
Event: 0.949 loading class java/util/PropertyPermissionCollection
Event: 0.951 loading class java/util/PropertyPermissionCollection done
Event: 0.951 loading class java/util/PropertyPermissionCollection$1
Event: 0.951 loading class java/util/PropertyPermissionCollection$1 done
Event: 0.951 loading class sun/net/www/protocol/file/FileURLConnection
Event: 0.951 loading class sun/net/www/URLConnection
Event: 0.951 loading class java/net/URLConnection
Event: 0.952 loading class java/net/URLConnection done
Event: 0.952 loading class sun/net/www/URLConnection done
Event: 0.952 loading class sun/net/www/protocol/file/FileURLConnection done
Event: 0.952 loading class sun/net/www/MessageHeader
Event: 0.952 loading class sun/net/www/MessageHeader done
Event: 0.952 loading class java/io/FilePermissionCollection
Event: 0.953 loading class java/io/FilePermissionCollection done
Event: 0.953 loading class java/io/FilePermissionCollection$1
Event: 0.953 loading class java/io/FilePermissionCollection$1 done
Event: 0.953 loading class java/security/PermissionsEnumerator
Event: 0.954 loading class java/security/PermissionsEnumerator done
Event: 0.971 Executing VM operation: CollectForMetadataAllocation


Dynamic libraries:
0x00007ff6c3500000 - 0x00007ff6c350d000 	C:\Users\ricar\.jdks\openjdk-15.0.1\bin\java.exe
0x00007ffab3150000 - 0x00007ffab3346000 	C:\WINDOWS\SYSTEM32\ntdll.dll
0x00007ffab3030000 - 0x00007ffab30ed000 	C:\WINDOWS\System32\KERNEL32.DLL
0x00007ffab0c30000 - 0x00007ffab0ef9000 	C:\WINDOWS\System32\KERNELBASE.dll
0x00007ffab09f0000 - 0x00007ffab0af0000 	C:\WINDOWS\System32\ucrtbase.dll
0x00007ffaa97c0000 - 0x00007ffaa97d8000 	C:\Users\ricar\.jdks\openjdk-15.0.1\bin\jli.dll
0x00007ffaa8930000 - 0x00007ffaa8949000 	C:\Users\ricar\.jdks\openjdk-15.0.1\bin\VCRUNTIME140.dll
0x00007ffab1ce0000 - 0x00007ffab1e80000 	C:\WINDOWS\System32\USER32.dll
0x00007ffab09c0000 - 0x00007ffab09e2000 	C:\WINDOWS\System32\win32u.dll
0x00007ffa9f0a0000 - 0x00007ffa9f33b000 	C:\WINDOWS\WinSxS\amd64_microsoft.windows.common-controls_6595b64144ccf1df_6.0.19041.488_none_ca04af081b815d21\COMCTL32.dll
0x00007ffab2a60000 - 0x00007ffab2a8a000 	C:\WINDOWS\System32\GDI32.dll
0x00007ffab2690000 - 0x00007ffab272e000 	C:\WINDOWS\System32\msvcrt.dll
0x00007ffab0af0000 - 0x00007ffab0bf9000 	C:\WINDOWS\System32\gdi32full.dll
0x00007ffab1110000 - 0x00007ffab11ad000 	C:\WINDOWS\System32\msvcp_win.dll
0x00007ffab21d0000 - 0x00007ffab2200000 	C:\WINDOWS\System32\IMM32.DLL
0x00007ffaa21a0000 - 0x00007ffaa21ac000 	C:\Users\ricar\.jdks\openjdk-15.0.1\bin\vcruntime140_1.dll
0x00007ffa938b0000 - 0x00007ffa93941000 	C:\Users\ricar\.jdks\openjdk-15.0.1\bin\msvcp140.dll
0x00007ffa7f260000 - 0x00007ffa7fdbe000 	C:\Users\ricar\.jdks\openjdk-15.0.1\bin\server\jvm.dll
0x00007ffab2120000 - 0x00007ffab21cc000 	C:\WINDOWS\System32\ADVAPI32.dll
0x00007ffab1ae0000 - 0x00007ffab1b7c000 	C:\WINDOWS\System32\sechost.dll
0x00007ffab2200000 - 0x00007ffab232b000 	C:\WINDOWS\System32\RPCRT4.dll
0x00007ffab2a90000 - 0x00007ffab2a98000 	C:\WINDOWS\System32\PSAPI.DLL
0x00007ffaac000000 - 0x00007ffaac009000 	C:\WINDOWS\SYSTEM32\WSOCK32.dll
0x00007ffaadeb0000 - 0x00007ffaaded7000 	C:\WINDOWS\SYSTEM32\WINMM.dll
0x00007ffaab7f0000 - 0x00007ffaab7fa000 	C:\WINDOWS\SYSTEM32\VERSION.dll
0x00007ffab2030000 - 0x00007ffab209b000 	C:\WINDOWS\System32\WS2_32.dll
0x00007ffaae7e0000 - 0x00007ffaae7f2000 	C:\WINDOWS\SYSTEM32\kernel.appcore.dll
0x00007ffaa1fa0000 - 0x00007ffaa1faa000 	C:\Users\ricar\.jdks\openjdk-15.0.1\bin\jimage.dll
0x00007ffa98590000 - 0x00007ffa98774000 	C:\WINDOWS\SYSTEM32\DBGHELP.DLL
0x00007ffa98560000 - 0x00007ffa9858c000 	C:\WINDOWS\SYSTEM32\dbgcore.DLL
0x00007ffab0940000 - 0x00007ffab09c0000 	C:\WINDOWS\System32\bcryptPrimitives.dll
0x00007ffaa1d40000 - 0x00007ffaa1d4e000 	C:\Users\ricar\.jdks\openjdk-15.0.1\bin\instrument.dll
0x00007ffa9ddf0000 - 0x00007ffa9de15000 	C:\Users\ricar\.jdks\openjdk-15.0.1\bin\java.dll
0x00007ffab1280000 - 0x00007ffab19c2000 	C:\WINDOWS\System32\SHELL32.dll
0x00007ffaae9e0000 - 0x00007ffaaf175000 	C:\WINDOWS\SYSTEM32\windows.storage.dll
0x00007ffab2330000 - 0x00007ffab2686000 	C:\WINDOWS\System32\combase.dll
0x00007ffab0300000 - 0x00007ffab032c000 	C:\WINDOWS\SYSTEM32\Wldp.dll
0x00007ffab1a30000 - 0x00007ffab1ade000 	C:\WINDOWS\System32\SHCORE.dll
0x00007ffab2b60000 - 0x00007ffab2bb5000 	C:\WINDOWS\System32\shlwapi.dll
0x00007ffab07c0000 - 0x00007ffab07e6000 	C:\WINDOWS\SYSTEM32\profapi.dll
0x00007ffa9c610000 - 0x00007ffa9c628000 	C:\Users\ricar\.jdks\openjdk-15.0.1\bin\zip.dll
0x00007ffaa1cd0000 - 0x00007ffaa1ce9000 	C:\Users\ricar\.jdks\openjdk-15.0.1\bin\net.dll
0x00007ffaa1910000 - 0x00007ffaa1a10000 	C:\WINDOWS\SYSTEM32\WINHTTP.dll
0x00007ffab0080000 - 0x00007ffab00ea000 	C:\WINDOWS\system32\mswsock.dll
0x00007ffa9ea30000 - 0x00007ffa9ea42000 	C:\Users\ricar\.jdks\openjdk-15.0.1\bin\nio.dll
0x00007ffa98d00000 - 0x00007ffa98d1a000 	C:\Program Files\JetBrains\IntelliJ IDEA Community Edition 2020.2.2\bin\breakgen64.dll
0x00007ffaa0d10000 - 0x00007ffaa0d20000 	C:\Users\ricar\.jdks\openjdk-15.0.1\bin\verify.dll

dbghelp: loaded successfully - version: 4.0.5 - missing functions: none
symbol engine: initialized successfully - sym options: 0x614 - pdb path: .;C:\Users\ricar\.jdks\openjdk-15.0.1\bin;C:\WINDOWS\SYSTEM32;C:\WINDOWS\WinSxS\amd64_microsoft.windows.common-controls_6595b64144ccf1df_6.0.19041.488_none_ca04af081b815d21;C:\Users\ricar\.jdks\openjdk-15.0.1\bin\server;C:\Program Files\JetBrains\IntelliJ IDEA Community Edition 2020.2.2\bin

VM Arguments:
jvm_args: -javaagent:C:\Program Files\JetBrains\IntelliJ IDEA Community Edition 2020.2.2\lib\idea_rt.jar=64802:C:\Program Files\JetBrains\IntelliJ IDEA Community Edition 2020.2.2\bin -Dfile.encoding=UTF-8 
java_command: com.pilotinho.demo.DemoApplication
java_class_path (initial): C:\Projetos\demo\target\classes;C:\Users\ricar\.m2\repository\org\springframework\boot\spring-boot-starter-data-jpa\2.4.1\spring-boot-starter-data-jpa-2.4.1.jar;C:\Users\ricar\.m2\repository\org\springframework\boot\spring-boot-starter-aop\2.4.1\spring-boot-starter-aop-2.4.1.jar;C:\Users\ricar\.m2\repository\org\aspectj\aspectjweaver\1.9.6\aspectjweaver-1.9.6.jar;C:\Users\ricar\.m2\repository\org\springframework\boot\spring-boot-starter-jdbc\2.4.1\spring-boot-starter-jdbc-2.4.1.jar;C:\Users\ricar\.m2\repository\com\zaxxer\HikariCP\3.4.5\HikariCP-3.4.5.jar;C:\Users\ricar\.m2\repository\org\springframework\spring-jdbc\5.3.2\spring-jdbc-5.3.2.jar;C:\Users\ricar\.m2\repository\jakarta\transaction\jakarta.transaction-api\1.3.3\jakarta.transaction-api-1.3.3.jar;C:\Users\ricar\.m2\repository\jakarta\persistence\jakarta.persistence-api\2.2.3\jakarta.persistence-api-2.2.3.jar;C:\Users\ricar\.m2\repository\org\hibernate\hibernate-core\5.4.25.Final\hibernate-core-5.4.25.Final.jar;C:\Users\ricar\.m2\repository\org\jboss\logging\jboss-logging\3.4.1.Final\jboss-logging-3.4.1.Final.jar;C:\Users\ricar\.m2\repository\org\javassist\javassist\3.27.0-GA\javassist-3.27.0-GA.jar;C:\Users\ricar\.m2\repository\net\bytebuddy\byte-buddy\1.10.18\byte-buddy-1.10.18.jar;C:\Users\ricar\.m2\repository\antlr\antlr\2.7.7\antlr-2.7.7.jar;C:\Users\ricar\.m2\repository\org\jboss\jandex\2.1.3.Final\jandex-2.1.3.Final.jar;C:\Users\ricar\.m2\repository\com\fasterxml\classmate\1.5.1\classmate-1.5.1.jar;C:\Users\ricar\.m2\repository\org\dom4j\dom4j\2.1.3\dom4j-2.1.3.jar;C:\Users\ricar\.m2\repository\org\hibernate\common\hibernate-commons-annotations\5.1.2.Final\hibernate-commons-annotations-5.1.2.Final.jar;C:\Users\ricar\.m2\repository\org\glassfish\jaxb\jaxb-runtime\2.3.3\jaxb-runtime-2.3.3.jar;C:\Users\ricar\.m2\repository\org\glassfish\jaxb\txw2\2.3.3\txw2-2.3.3.jar;C:\Users\ricar\.m2\repository\com\sun\istack\istack-commons-runtime\3.0.11\istack-commons-runtime-3.0.11.jar;C
Launcher Type: SUN_STANDARD

[Global flags]
     intx CICompilerCount                          = 4                                         {product} {ergonomic}
     uint ConcGCThreads                            = 2                                         {product} {ergonomic}
     uint G1ConcRefinementThreads                  = 8                                         {product} {ergonomic}
   size_t G1HeapRegionSize                         = 1048576                                   {product} {ergonomic}
    uintx GCDrainStackTargetSize                   = 64                                        {product} {ergonomic}
   size_t InitialHeapSize                          = 134217728                                 {product} {ergonomic}
   size_t MarkStackSize                            = 4194304                                   {product} {ergonomic}
   size_t MaxHeapSize                              = 2126512128                                {product} {ergonomic}
   size_t MaxNewSize                               = 1275068416                                {product} {ergonomic}
   size_t MinHeapDeltaBytes                        = 1048576                                   {product} {ergonomic}
   size_t MinHeapSize                              = 8388608                                   {product} {ergonomic}
    uintx NonNMethodCodeHeapSize                   = 5839372                                {pd product} {ergonomic}
    uintx NonProfiledCodeHeapSize                  = 122909434                              {pd product} {ergonomic}
    uintx ProfiledCodeHeapSize                     = 122909434                              {pd product} {ergonomic}
    uintx ReservedCodeCacheSize                    = 251658240                              {pd product} {ergonomic}
     bool SegmentedCodeCache                       = true                                      {product} {ergonomic}
   size_t SoftMaxHeapSize                          = 2126512128                             {manageable} {ergonomic}
     bool UseCompressedClassPointers               = true                                 {lp64_product} {ergonomic}
     bool UseCompressedOops                        = true                                 {lp64_product} {ergonomic}
     bool UseG1GC                                  = true                                      {product} {ergonomic}
     bool UseLargePagesIndividualAllocation        = false                                  {pd product} {ergonomic}

Logging:
Log output configuration:
 #0: stdout all=warning uptime,level,tags
 #1: stderr all=off uptime,level,tags

Environment Variables:
PATH=C:\Program Files (x86)\Intel\iCLS Client\;C:\Program Files\Intel\iCLS Client\;C:\windows\system32;C:\windows;C:\windows\System32\Wbem;C:\windows\System32\WindowsPowerShell\v1.0\;C:\Program Files (x86)\NVIDIA Corporation\PhysX\Common;C:\WINDOWS\system32;C:\WINDOWS;C:\WINDOWS\System32\Wbem;C:\WINDOWS\System32\WindowsPowerShell\v1.0\;C:\WINDOWS\System32\OpenSSH\;C:\Program Files (x86)\Intel\Intel(R) Management Engine Components\DAL;C:\Program Files\Intel\Intel(R) Management Engine Components\DAL;C:\Program Files (x86)\Intel\Intel(R) Management Engine Components\IPT;C:\Program Files\Intel\Intel(R) Management Engine Components\IPT;C:\Program Files\Git\cmd;C:\Program Files\dotnet\;C:\Program Files\Microsoft SQL Server\130\Tools\Binn\;C:\Program Files\Microsoft SQL Server\Client SDK\ODBC\170\Tools\Binn\;C:\Users\ricar\AppData\Local\Microsoft\WindowsApps;C:\Users\ricar\.dotnet\tools
USERNAME=ricar
OS=Windows_NT
PROCESSOR_IDENTIFIER=Intel64 Family 6 Model 158 Stepping 9, GenuineIntel



---------------  S Y S T E M  ---------------

OS:
 Windows 10 , 64 bit Build 19041 (10.0.19041.662)
OS uptime: 2 days 15:31 hours

CPU: total 8 (initial active 8) (4 cores per cpu, 2 threads per core) family 6 model 158 stepping 9 microcode 0xb4, cmov, cx8, fxsr, mmx, sse, sse2, sse3, ssse3, sse4.1, sse4.2, popcnt, vzeroupper, avx, avx2, aes, clmul, erms, 3dnowpref, lzcnt, ht, tsc, tscinvbit, bmi1, bmi2, adx, fma, clflush, clflushopt

Memory: 4k page, system-wide physical 8105M (1822M free)
TotalPageFile size 8105M (AvailPageFile size 0M)
current process WorkingSet (physical memory assigned to process): 50M, peak: 50M
current process commit charge ("private bytes"): 220M, peak: 221M

vm_info: OpenJDK 64-Bit Server VM (15.0.1+9-18) for windows-amd64 JRE (15.0.1+9-18), built on Sep 15 2020 14:39:31 by "mach5one" with unknown MS VC++:1925

END.
